Mon May 17 19:44:01 UTC 2021 - Executing "python3 /openLANE_flow/scripts/extract_metal_layers.py -t /home/server/repositories/ic/openlane/pdks/sky130A/libs.ref/sky130_fd_sc_hd/techlef/sky130_fd_sc_hd.tlef -o /amsat_txrx_ic/design/dac_digital_interface/runs/17-05_19-44/tmp/met_layers_list.txt"

Mon May 17 19:44:01 UTC 2021 - Executing "/openLANE_flow/scripts/mergeLef.py -i /home/server/repositories/ic/openlane/pdks/sky130A/libs.ref/sky130_fd_sc_hd/techlef/sky130_fd_sc_hd.tlef {/home/server/repositories/ic/openlane/pdks/sky130A/libs.ref/sky130_fd_sc_hd/lef/sky130_ef_sc_hd__fill_12.lef /home/server/repositories/ic/openlane/pdks/sky130A/libs.ref/sky130_fd_sc_hd/lef/sky130_fd_sc_hd.lef /home/server/repositories/ic/openlane/pdks/sky130A/libs.ref/sky130_fd_sc_hd/lef/sky130_ef_sc_hd__decap_12.lef /home/server/repositories/ic/openlane/pdks/sky130A/libs.ref/sky130_fd_sc_hd/lef/sky130_ef_sc_hd__fakediode_2.lef} -o /amsat_txrx_ic/design/dac_digital_interface/runs/17-05_19-44/tmp/merged_unpadded.lef |& tee >&@stdout"

Mon May 17 19:44:02 UTC 2021 - Executing "/openLANE_flow/scripts/libtrim.pl /home/server/repositories/ic/openlane/pdks/sky130A/libs.ref/sky130_fd_sc_hd/lib/sky130_fd_sc_hd__tt_025C_1v80.lib /amsat_txrx_ic/design/dac_digital_interface/runs/17-05_19-44/tmp/trimmed.lib.exclude.list > /amsat_txrx_ic/design/dac_digital_interface/runs/17-05_19-44/tmp/trimmed.lib"

Mon May 17 19:44:02 UTC 2021 - Executing "echo {openlane v0.15} > /amsat_txrx_ic/design/dac_digital_interface/runs/17-05_19-44/OPENLANE_VERSION"

Mon May 17 19:44:02 UTC 2021 - Executing "sed -E {s/^([[:space:]]+)pg_pin(.*)/\1pin\2\n\1    direction : "inout";/g} /home/server/repositories/ic/openlane/pdks/sky130A/libs.ref/sky130_fd_sc_hd/lib/sky130_fd_sc_hd__tt_025C_1v80.lib > /amsat_txrx_ic/design/dac_digital_interface/runs/17-05_19-44/tmp/sky130_fd_sc_hd__tt_025C_1v80.no_pg.lib"

Mon May 17 19:44:03 UTC 2021 - Executing "yosys -c /openLANE_flow/scripts/synth.tcl -l /amsat_txrx_ic/design/dac_digital_interface/runs/17-05_19-44/logs/synthesis/1-yosys.log |& tee >&@stdout"

Mon May 17 19:44:13 UTC 2021 - Executing "sed -i -e {s/\(set ::env(CURRENT_NETLIST)\).*/\1 \/amsat_txrx_ic\/design\/dac_digital_interface\/runs\/17-05_19-44\/results\/synthesis\/dac_digital_interface.synthesis.v/} /amsat_txrx_ic/design/dac_digital_interface/runs/17-05_19-44/config.tcl"

Mon May 17 19:44:13 UTC 2021 - Executing "sed -i -e {s/\(set ::env(PREV_NETLIST)\).*/\1 0/} /amsat_txrx_ic/design/dac_digital_interface/runs/17-05_19-44/config.tcl"

Mon May 17 19:44:13 UTC 2021 - Executing "sed -i /defparam/d /amsat_txrx_ic/design/dac_digital_interface/runs/17-05_19-44/results/synthesis/dac_digital_interface.synthesis.v"

Mon May 17 19:44:13 UTC 2021 - Executing "sta /openLANE_flow/scripts/sta.tcl |& tee >&@stdout /amsat_txrx_ic/design/dac_digital_interface/runs/17-05_19-44/logs/synthesis/2-opensta"

Mon May 17 19:44:15 UTC 2021 - Executing "openroad -exit /openLANE_flow/scripts/openroad/or_floorplan.tcl |& tee >&@stdout /amsat_txrx_ic/design/dac_digital_interface/runs/17-05_19-44/logs/floorplan/3-verilog2def.openroad.log"

Mon May 17 19:44:17 UTC 2021 - Executing "python3 /amsat_txrx_ic/design/dac_digital_interface/layout/pin_create.py --die_area 0,0,270,210 --output_def /amsat_txrx_ic/design/dac_digital_interface/runs/17-05_19-44/tmp/floorplan/pin_locations.def"

Mon May 17 19:44:17 UTC 2021 - Executing "python3 /openLANE_flow/scripts/apply_def_template.py -t /amsat_txrx_ic/design/dac_digital_interface/runs/17-05_19-44/tmp/floorplan/pin_locations.def -u /amsat_txrx_ic/design/dac_digital_interface/runs/17-05_19-44/tmp/floorplan/3-verilog2def_openroad.def -s /openLANE_flow/scripts"

Mon May 17 19:44:18 UTC 2021 - Executing "openroad -exit /openLANE_flow/scripts/openroad/or_tapcell.tcl |& tee >&@stdout /amsat_txrx_ic/design/dac_digital_interface/runs/17-05_19-44/logs/floorplan/4-tapcell.log"

Mon May 17 19:44:19 UTC 2021 - Executing "bash /openLANE_flow/scripts/klayout/scrotLayout.sh /home/server/repositories/ic/openlane/pdks/sky130A/libs.tech/klayout/sky130A.lyt /amsat_txrx_ic/design/dac_digital_interface/runs/17-05_19-44/results/floorplan/dac_digital_interface.floorplan.def |& tee >&@stdout /amsat_txrx_ic/design/dac_digital_interface/runs/17-05_19-44/logs/klayout/5-klayout.scrot.log"

Mon May 17 19:44:24 UTC 2021 - Executing "openroad -exit /openLANE_flow/scripts/openroad/or_pdn.tcl |& tee >&@stdout /amsat_txrx_ic/design/dac_digital_interface/runs/17-05_19-44/logs/floorplan/6-pdn.log"

Mon May 17 19:44:27 UTC 2021 - Executing "openroad -exit /openLANE_flow/scripts/openroad/or_replace.tcl |& tee >&@stdout /amsat_txrx_ic/design/dac_digital_interface/runs/17-05_19-44/logs/placement/7-replace.log"

Mon May 17 19:44:36 UTC 2021 - Executing "openroad -exit /openLANE_flow/scripts/openroad/or_resizer.tcl |& tee >&@stdout /amsat_txrx_ic/design/dac_digital_interface/runs/17-05_19-44/logs/placement/7-resizer.log"

Mon May 17 19:44:45 UTC 2021 - Executing "openroad -exit /openLANE_flow/scripts/openroad/or_write_verilog.tcl |& tee >&@stdout /amsat_txrx_ic/design/dac_digital_interface/runs/17-05_19-44/logs/8-write_verilog.log"

Mon May 17 19:44:47 UTC 2021 - Executing "sed -i -e {s/\(set ::env(CURRENT_NETLIST)\).*/\1 \/amsat_txrx_ic\/design\/dac_digital_interface\/runs\/17-05_19-44\/results\/synthesis\/dac_digital_interface.synthesis_optimized.v/} /amsat_txrx_ic/design/dac_digital_interface/runs/17-05_19-44/config.tcl"

Mon May 17 19:44:47 UTC 2021 - Executing "sed -i -e {s/\(set ::env(PREV_NETLIST)\).*/\1 \/amsat_txrx_ic\/design\/dac_digital_interface\/runs\/17-05_19-44\/results\/synthesis\/dac_digital_interface.synthesis.v/} /amsat_txrx_ic/design/dac_digital_interface/runs/17-05_19-44/config.tcl"

Mon May 17 19:44:47 UTC 2021 - Executing "sta /openLANE_flow/scripts/sta.tcl |& tee >&@stdout /amsat_txrx_ic/design/dac_digital_interface/runs/17-05_19-44/logs/synthesis/9-opensta_post_resizer"

Mon May 17 19:44:49 UTC 2021 - Executing "openroad -exit /openLANE_flow/scripts/openroad/or_opendp.tcl |& tee >&@stdout /amsat_txrx_ic/design/dac_digital_interface/runs/17-05_19-44/logs/placement/10-opendp.log"

Mon May 17 19:44:51 UTC 2021 - Executing "bash /openLANE_flow/scripts/klayout/scrotLayout.sh /home/server/repositories/ic/openlane/pdks/sky130A/libs.tech/klayout/sky130A.lyt /amsat_txrx_ic/design/dac_digital_interface/runs/17-05_19-44/results/placement/dac_digital_interface.placement.def |& tee >&@stdout /amsat_txrx_ic/design/dac_digital_interface/runs/17-05_19-44/logs/klayout/11-klayout.scrot.log"

Mon May 17 19:44:56 UTC 2021 - Executing "openroad -exit /openLANE_flow/scripts/openroad/or_cts.tcl |& tee >&@stdout /amsat_txrx_ic/design/dac_digital_interface/runs/17-05_19-44/logs/cts/12-cts.log"

Mon May 17 19:46:40 UTC 2021 - Executing "openroad -exit /openLANE_flow/scripts/openroad/or_write_verilog.tcl |& tee >&@stdout /amsat_txrx_ic/design/dac_digital_interface/runs/17-05_19-44/logs/13-write_verilog.log"

Mon May 17 19:46:41 UTC 2021 - Executing "sed -i -e {s/\(set ::env(CURRENT_NETLIST)\).*/\1 \/amsat_txrx_ic\/design\/dac_digital_interface\/runs\/17-05_19-44\/results\/synthesis\/dac_digital_interface.synthesis_cts.v/} /amsat_txrx_ic/design/dac_digital_interface/runs/17-05_19-44/config.tcl"

Mon May 17 19:46:41 UTC 2021 - Executing "sed -i -e {s/\(set ::env(PREV_NETLIST)\).*/\1 \/amsat_txrx_ic\/design\/dac_digital_interface\/runs\/17-05_19-44\/results\/synthesis\/dac_digital_interface.synthesis_optimized.v/} /amsat_txrx_ic/design/dac_digital_interface/runs/17-05_19-44/config.tcl"

Mon May 17 19:46:41 UTC 2021 - Executing "bash /openLANE_flow/scripts/klayout/scrotLayout.sh /home/server/repositories/ic/openlane/pdks/sky130A/libs.tech/klayout/sky130A.lyt /amsat_txrx_ic/design/dac_digital_interface/runs/17-05_19-44/results/cts/dac_digital_interface.cts.def |& tee >&@stdout /amsat_txrx_ic/design/dac_digital_interface/runs/17-05_19-44/logs/klayout/14-klayout.scrot.log"

Mon May 17 19:46:46 UTC 2021 - Executing "openroad -exit /openLANE_flow/scripts/openroad/or_resizer_timing.tcl |& tee >&@stdout /amsat_txrx_ic/design/dac_digital_interface/runs/17-05_19-44/logs/placement/14-resizer_timing.log"

Mon May 17 19:46:54 UTC 2021 - Executing "openroad -exit /openLANE_flow/scripts/openroad/or_write_verilog.tcl |& tee >&@stdout /amsat_txrx_ic/design/dac_digital_interface/runs/17-05_19-44/logs/15-write_verilog.log"

Mon May 17 19:46:56 UTC 2021 - Executing "sed -i -e {s/\(set ::env(CURRENT_NETLIST)\).*/\1 \/amsat_txrx_ic\/design\/dac_digital_interface\/runs\/17-05_19-44\/results\/synthesis\/dac_digital_interface.synthesis_optimized.v/} /amsat_txrx_ic/design/dac_digital_interface/runs/17-05_19-44/config.tcl"

Mon May 17 19:46:56 UTC 2021 - Executing "sed -i -e {s/\(set ::env(PREV_NETLIST)\).*/\1 \/amsat_txrx_ic\/design\/dac_digital_interface\/runs\/17-05_19-44\/results\/synthesis\/dac_digital_interface.synthesis_cts.v/} /amsat_txrx_ic/design/dac_digital_interface/runs/17-05_19-44/config.tcl"

Mon May 17 19:46:56 UTC 2021 - Executing "sta /openLANE_flow/scripts/sta.tcl |& tee >&@stdout /amsat_txrx_ic/design/dac_digital_interface/runs/17-05_19-44/logs/synthesis/16-opensta_post_resizer_timing"

Mon May 17 19:46:57 UTC 2021 - Executing "openroad -exit /openLANE_flow/scripts/openroad/or_groute.tcl |& tee >&@stdout /amsat_txrx_ic/design/dac_digital_interface/runs/17-05_19-44/logs/routing/17-fastroute.log"

Mon May 17 19:47:08 UTC 2021 - Executing "openroad -exit /openLANE_flow/scripts/openroad/or_fill.tcl |& tee >&@stdout /amsat_txrx_ic/design/dac_digital_interface/runs/17-05_19-44/logs/routing/18-addspacers.log"

Mon May 17 19:47:10 UTC 2021 - Executing "openroad -exit /openLANE_flow/scripts/openroad/or_write_verilog.tcl |& tee >&@stdout /amsat_txrx_ic/design/dac_digital_interface/runs/17-05_19-44/logs/19-write_verilog.log"

Mon May 17 19:47:12 UTC 2021 - Executing "sed -i -e {s/\(set ::env(CURRENT_NETLIST)\).*/\1 \/amsat_txrx_ic\/design\/dac_digital_interface\/runs\/17-05_19-44\/results\/synthesis\/dac_digital_interface.synthesis_preroute.v/} /amsat_txrx_ic/design/dac_digital_interface/runs/17-05_19-44/config.tcl"

Mon May 17 19:47:12 UTC 2021 - Executing "sed -i -e {s/\(set ::env(PREV_NETLIST)\).*/\1 \/amsat_txrx_ic\/design\/dac_digital_interface\/runs\/17-05_19-44\/results\/synthesis\/dac_digital_interface.synthesis_optimized.v/} /amsat_txrx_ic/design/dac_digital_interface/runs/17-05_19-44/config.tcl"

Mon May 17 19:47:12 UTC 2021 - Executing "envsubst < /openLANE_flow/scripts/tritonRoute.param > /amsat_txrx_ic/design/dac_digital_interface/runs/17-05_19-44/tmp/routing/20-tritonRoute.param"

Mon May 17 19:47:12 UTC 2021 - Executing "TritonRoute /amsat_txrx_ic/design/dac_digital_interface/runs/17-05_19-44/tmp/routing/20-tritonRoute.param |& tee >&@stdout /amsat_txrx_ic/design/dac_digital_interface/runs/17-05_19-44/logs/routing/20-tritonRoute.log"

Mon May 17 19:53:51 UTC 2021 - Executing "python3 /openLANE_flow/scripts/tr2klayout.py -i /amsat_txrx_ic/design/dac_digital_interface/runs/17-05_19-44/reports/routing/20-tritonRoute.drc -o /amsat_txrx_ic/design/dac_digital_interface/runs/17-05_19-44/reports/routing/20-tritonRoute.klayout.xml --design-name dac_digital_interface"

Mon May 17 19:53:51 UTC 2021 - Executing "bash /openLANE_flow/scripts/klayout/scrotLayout.sh /home/server/repositories/ic/openlane/pdks/sky130A/libs.tech/klayout/sky130A.lyt /amsat_txrx_ic/design/dac_digital_interface/runs/17-05_19-44/results/routing/dac_digital_interface.def |& tee >&@stdout /amsat_txrx_ic/design/dac_digital_interface/runs/17-05_19-44/logs/klayout/21-klayout.scrot.log"

Mon May 17 19:53:57 UTC 2021 - Executing "python3 /openLANE_flow/scripts/spef_extractor/main.py -l /amsat_txrx_ic/design/dac_digital_interface/runs/17-05_19-44/tmp/merged_unpadded.lef -d /amsat_txrx_ic/design/dac_digital_interface/runs/17-05_19-44/results/routing/dac_digital_interface.def -mw L -ec 1 |& tee >&@stdout /amsat_txrx_ic/design/dac_digital_interface/runs/17-05_19-44/logs/routing/22-spef_extraction.log"

Mon May 17 19:54:01 UTC 2021 - Executing "sta /openLANE_flow/scripts/sta.tcl |& tee >&@stdout /amsat_txrx_ic/design/dac_digital_interface/runs/17-05_19-44/logs/synthesis/23-opensta_spef"

Mon May 17 19:54:04 UTC 2021 - Executing "python3 /openLANE_flow/scripts/write_powered_def.py -d /amsat_txrx_ic/design/dac_digital_interface/runs/17-05_19-44/results/routing/dac_digital_interface.def -l /amsat_txrx_ic/design/dac_digital_interface/runs/17-05_19-44/tmp/merged.lef --power-port VPWR --ground-port VGND --powered-netlist {} -o /amsat_txrx_ic/design/dac_digital_interface/runs/17-05_19-44/tmp/routing/24-dac_digital_interface.powered.def |& tee >&@stdout /amsat_txrx_ic/design/dac_digital_interface/runs/17-05_19-44/logs/lvs/24-write_powered_verilog.log"

Mon May 17 19:54:05 UTC 2021 - Executing "openroad -exit /openLANE_flow/scripts/openroad/or_write_verilog.tcl |& tee >&@stdout /amsat_txrx_ic/design/dac_digital_interface/runs/17-05_19-44/logs/25-write_verilog.log"

Mon May 17 19:54:07 UTC 2021 - Executing "sed -i -e {s/\(set ::env(CURRENT_NETLIST)\).*/\1 \/amsat_txrx_ic\/design\/dac_digital_interface\/runs\/17-05_19-44\/results\/lvs\/dac_digital_interface.lvs.powered.v/} /amsat_txrx_ic/design/dac_digital_interface/runs/17-05_19-44/config.tcl"

Mon May 17 19:54:07 UTC 2021 - Executing "sed -i -e {s/\(set ::env(PREV_NETLIST)\).*/\1 \/amsat_txrx_ic\/design\/dac_digital_interface\/runs\/17-05_19-44\/results\/synthesis\/dac_digital_interface.synthesis_preroute.v/} /amsat_txrx_ic/design/dac_digital_interface/runs/17-05_19-44/config.tcl"

Mon May 17 19:54:07 UTC 2021 - Executing "magic -noconsole -dnull -rcfile /home/server/repositories/ic/openlane/pdks/sky130A/libs.tech/magic/sky130A.magicrc /openLANE_flow/scripts/magic/mag_gds.tcl </dev/null |& tee >&@stdout /amsat_txrx_ic/design/dac_digital_interface/runs/17-05_19-44/logs/magic/26-magic.log"

Mon May 17 19:54:10 UTC 2021 - Executing "bash /openLANE_flow/scripts/klayout/scrotLayout.sh /home/server/repositories/ic/openlane/pdks/sky130A/libs.tech/klayout/sky130A.lyt /amsat_txrx_ic/design/dac_digital_interface/runs/17-05_19-44/results/magic/dac_digital_interface.gds |& tee >&@stdout /amsat_txrx_ic/design/dac_digital_interface/runs/17-05_19-44/logs/klayout/27-klayout.scrot.log"

Mon May 17 19:54:15 UTC 2021 - Executing "magic -noconsole -dnull -rcfile /home/server/repositories/ic/openlane/pdks/sky130A/libs.tech/magic/sky130A.magicrc /openLANE_flow/scripts/magic/gds_pointers.tcl </dev/null |& tee >&@stdout /amsat_txrx_ic/design/dac_digital_interface/runs/17-05_19-44/logs/magic/28-magic.mag.gds_ptrs.log"

Mon May 17 19:54:18 UTC 2021 - Executing "sed -i -n {/^<< properties >>/,/^<< end >>/p} /amsat_txrx_ic/design/dac_digital_interface/runs/17-05_19-44/tmp/magic/magic_gds_ptrs.mag"

Mon May 17 19:54:18 UTC 2021 - Executing "magic -noconsole -dnull -rcfile /home/server/repositories/ic/openlane/pdks/sky130A/libs.tech/magic/sky130A.magicrc /openLANE_flow/scripts/magic/lef.tcl </dev/null |& tee >&@stdout /amsat_txrx_ic/design/dac_digital_interface/runs/17-05_19-44/logs/magic/29-magic.lef.log"

Mon May 17 19:54:20 UTC 2021 - Executing "magic -noconsole -dnull -rcfile /home/server/repositories/ic/openlane/pdks/sky130A/libs.tech/magic/sky130A.magicrc /openLANE_flow/scripts/magic/maglef.tcl </dev/null |& tee >&@stdout /amsat_txrx_ic/design/dac_digital_interface/runs/17-05_19-44/logs/magic/30-magic.maglef.log"

Mon May 17 19:54:21 UTC 2021 - Executing "bash /openLANE_flow/scripts/klayout/def2gds.sh /home/server/repositories/ic/openlane/pdks/sky130A/libs.tech/klayout/sky130A.lyt /amsat_txrx_ic/design/dac_digital_interface/runs/17-05_19-44/results/routing/dac_digital_interface.def dac_digital_interface /amsat_txrx_ic/design/dac_digital_interface/runs/17-05_19-44/results/klayout/dac_digital_interface.gds {/home/server/repositories/ic/openlane/pdks/sky130A/libs.ref/sky130_fd_sc_hd/gds/sky130_ef_sc_hd__fill_12.gds /home/server/repositories/ic/openlane/pdks/sky130A/libs.ref/sky130_fd_sc_hd/gds/sky130_ef_sc_hd__decap_12.gds /home/server/repositories/ic/openlane/pdks/sky130A/libs.ref/sky130_fd_sc_hd/gds/sky130_fd_sc_hd.gds /home/server/repositories/ic/openlane/pdks/sky130A/libs.ref/sky130_fd_sc_hd/gds/sky130_ef_sc_hd__fakediode_2.gds } |& tee >&@stdout /amsat_txrx_ic/design/dac_digital_interface/runs/17-05_19-44/logs/klayout/31-klayout.log"

Mon May 17 19:54:26 UTC 2021 - Executing "bash /openLANE_flow/scripts/klayout/scrotLayout.sh /home/server/repositories/ic/openlane/pdks/sky130A/libs.tech/klayout/sky130A.lyt /amsat_txrx_ic/design/dac_digital_interface/runs/17-05_19-44/results/klayout/dac_digital_interface.gds |& tee >&@stdout /amsat_txrx_ic/design/dac_digital_interface/runs/17-05_19-44/logs/klayout/32-klayout.scrot.log"

Mon May 17 19:54:31 UTC 2021 - Executing "bash /openLANE_flow/scripts/klayout/xor.sh /amsat_txrx_ic/design/dac_digital_interface/runs/17-05_19-44/results/magic/dac_digital_interface.gds /amsat_txrx_ic/design/dac_digital_interface/runs/17-05_19-44/results/klayout/dac_digital_interface.gds dac_digital_interface /amsat_txrx_ic/design/dac_digital_interface/runs/17-05_19-44/results/klayout/dac_digital_interface.xor.gds |& tee >&@stdout /amsat_txrx_ic/design/dac_digital_interface/runs/17-05_19-44/logs/klayout/33-klayout.xor.log"

Mon May 17 19:54:50 UTC 2021 - Executing "python3 /openLANE_flow/scripts/parse_klayout_xor_log.py -l /amsat_txrx_ic/design/dac_digital_interface/runs/17-05_19-44/logs/klayout/33-klayout.xor.log -o /amsat_txrx_ic/design/dac_digital_interface/runs/17-05_19-44/reports/klayout/33-klayout.xor.rpt"

Mon May 17 19:54:50 UTC 2021 - Executing "bash /openLANE_flow/scripts/klayout/scrotLayout.sh /home/server/repositories/ic/openlane/pdks/sky130A/libs.tech/klayout/sky130A.lyt /amsat_txrx_ic/design/dac_digital_interface/runs/17-05_19-44/results/klayout/dac_digital_interface.xor.gds |& tee >&@stdout /amsat_txrx_ic/design/dac_digital_interface/runs/17-05_19-44/logs/klayout/34-klayout.scrot.log"

Mon May 17 19:54:55 UTC 2021 - Executing "bash /openLANE_flow/scripts/klayout/xor.sh /amsat_txrx_ic/design/dac_digital_interface/runs/17-05_19-44/results/magic/dac_digital_interface.gds /amsat_txrx_ic/design/dac_digital_interface/runs/17-05_19-44/results/klayout/dac_digital_interface.gds dac_digital_interface /amsat_txrx_ic/design/dac_digital_interface/runs/17-05_19-44/results/klayout/dac_digital_interface.xor.xml |& tee >&@stdout /amsat_txrx_ic/design/dac_digital_interface/runs/17-05_19-44/logs/klayout/35-klayout.xor.log"

Mon May 17 19:55:25 UTC 2021 - Executing "python3 /openLANE_flow/scripts/parse_klayout_xor_log.py -l /amsat_txrx_ic/design/dac_digital_interface/runs/17-05_19-44/logs/klayout/35-klayout.xor.log -o /amsat_txrx_ic/design/dac_digital_interface/runs/17-05_19-44/reports/klayout/35-klayout.xor.rpt"

Mon May 17 19:55:25 UTC 2021 - Executing "magic -noconsole -dnull -rcfile /home/server/repositories/ic/openlane/pdks/sky130A/libs.tech/magic/sky130A.magicrc /amsat_txrx_ic/design/dac_digital_interface/runs/17-05_19-44/tmp/magic_spice.tcl </dev/null |& tee >&@stdout /amsat_txrx_ic/design/dac_digital_interface/runs/17-05_19-44/logs/magic/36-magic_spice.log"

Mon May 17 19:55:34 UTC 2021 - Executing "netgen -batch source /amsat_txrx_ic/design/dac_digital_interface/runs/17-05_19-44/tmp/lvs/setup_file.lef.lvs |& tee >&@stdout /amsat_txrx_ic/design/dac_digital_interface/runs/17-05_19-44/logs/lvs/37-lvs.lef.log"

Mon May 17 19:55:35 UTC 2021 - Executing "magic -noconsole -dnull -rcfile /home/server/repositories/ic/openlane/pdks/sky130A/libs.tech/magic/sky130A.magicrc /openLANE_flow/scripts/magic/drc.tcl </dev/null |& tee >&@stdout /amsat_txrx_ic/design/dac_digital_interface/runs/17-05_19-44/logs/magic/38-magic.drc.log"

Mon May 17 19:55:57 UTC 2021 - Executing "python3 /openLANE_flow/scripts/magic_drc_to_tcl.py -i /amsat_txrx_ic/design/dac_digital_interface/runs/17-05_19-44/reports/magic/38-magic.drc -o /amsat_txrx_ic/design/dac_digital_interface/runs/17-05_19-44/reports/magic/38-magic.drc.tcl"

Mon May 17 19:55:57 UTC 2021 - Executing "python3 /openLANE_flow/scripts/magic_drc_to_tr_drc.py -i /amsat_txrx_ic/design/dac_digital_interface/runs/17-05_19-44/reports/magic/38-magic.drc -o /amsat_txrx_ic/design/dac_digital_interface/runs/17-05_19-44/reports/magic/38-magic.tr.drc"

Mon May 17 19:55:57 UTC 2021 - Executing "python3 /openLANE_flow/scripts/tr2klayout.py -i /amsat_txrx_ic/design/dac_digital_interface/runs/17-05_19-44/reports/magic/38-magic.tr.drc -o /amsat_txrx_ic/design/dac_digital_interface/runs/17-05_19-44/reports/magic/38-magic.drc.klayout.xml --design-name dac_digital_interface"

Mon May 17 19:55:57 UTC 2021 - Executing "python3 /openLANE_flow/scripts/magic_drc_to_rdb.py --magic_drc_in /amsat_txrx_ic/design/dac_digital_interface/runs/17-05_19-44/reports/magic/38-magic.drc --rdb_out /amsat_txrx_ic/design/dac_digital_interface/runs/17-05_19-44/reports/magic/38-magic.drc.rdb"

Mon May 17 19:55:58 UTC 2021 - Executing "openroad -exit /openLANE_flow/scripts/openroad/or_antenna_check.tcl |& tee >&@stdout /amsat_txrx_ic/design/dac_digital_interface/runs/17-05_19-44/logs/routing/39-or_antenna.log"

Mon May 17 19:56:00 UTC 2021 - Executing "mv -f /amsat_txrx_ic/design/dac_digital_interface/runs/17-05_19-44/reports/routing/antenna.rpt /amsat_txrx_ic/design/dac_digital_interface/runs/17-05_19-44/reports/routing/40-antenna.rpt"

Mon May 17 19:56:00 UTC 2021 - Executing "awk { BEGIN {  # Print power and standard_input definitions
    print "VPWR power 1.8";
    print "VGND power 0.0";
    print "#define std_input min@VGND max@VPWR";
}
$1 == "input" {  # Print input nets
    gsub(/;/, "");
    if ( $2 == "VPWR" || $2 == "VGND" ) {  # ignore power nets
        next;
    }
    if ( NF == 3 ) {  # print buses as net[range]
        $2 = $3 $2;
    }
    print $2, "input std_input";
}} /amsat_txrx_ic/design/dac_digital_interface/runs/17-05_19-44/results/lvs/dac_digital_interface.lvs.powered.v > /amsat_txrx_ic/design/dac_digital_interface/runs/17-05_19-44/results/cvc/dac_digital_interface.power"

Mon May 17 19:56:00 UTC 2021 - Executing "awk { /Black-box entry subcircuit/ {  # remove black-box defintions
    while ( $1 != ".ends" ) {
        getline;
    }
    getline;
}
/^\*/ {  # remove comments
    next;
}
/^.ENDS .*/ {  # remove name from ends lines
    print $1;
    next;
}
 {
    print $0;
}} /home/server/repositories/ic/openlane/pdks/sky130A/libs.ref/sky130_fd_sc_hd/cdl/sky130_fd_sc_hd.cdl /amsat_txrx_ic/design/dac_digital_interface/runs/17-05_19-44/results/magic/dac_digital_interface.lef.spice > /amsat_txrx_ic/design/dac_digital_interface/runs/17-05_19-44/results/cvc/dac_digital_interface.cdl"

Mon May 17 19:56:00 UTC 2021 - Executing "cvc /openLANE_flow/scripts/cvc/sky130A/cvcrc.sky130A |& tee >&@stdout /amsat_txrx_ic/design/dac_digital_interface/runs/17-05_19-44/logs/cvc/41-cvc_screen.log"

Mon May 17 19:56:01 UTC 2021 - Executing "python3 /openLANE_flow/report_generation_wrapper.py -d /amsat_txrx_ic/design/dac_digital_interface -dn dac_digital_interface -t 17-05_19-44 -o /amsat_txrx_ic/design/dac_digital_interface/runs/17-05_19-44/reports/final_summary_report.csv -m /amsat_txrx_ic/design/dac_digital_interface/runs/17-05_19-44/reports/manufacturability_report.rpt -rs /amsat_txrx_ic/design/dac_digital_interface/runs/17-05_19-44/reports/runtime_summary_report.rpt -r /amsat_txrx_ic/design/dac_digital_interface/runs/17-05_19-44"

