
28. Printing statistics.

=== dac_digital_interface ===

   Number of wires:               1593
   Number of wire bits:           1858
   Number of public wires:          29
   Number of public wire bits:     294
   Number of memories:               0
   Number of memory bits:            0
   Number of processes:              0
   Number of cells:               1845
     sky130_fd_sc_hd__a21o_2         2
     sky130_fd_sc_hd__a21oi_2       21
     sky130_fd_sc_hd__a221o_2        2
     sky130_fd_sc_hd__a22o_2         1
     sky130_fd_sc_hd__a2bb2o_2       2
     sky130_fd_sc_hd__a2bb2oi_2      1
     sky130_fd_sc_hd__a31o_2        21
     sky130_fd_sc_hd__a32o_2         1
     sky130_fd_sc_hd__and2_2         7
     sky130_fd_sc_hd__and3_2         9
     sky130_fd_sc_hd__buf_1        360
     sky130_fd_sc_hd__conb_1         1
     sky130_fd_sc_hd__dfrtp_2       15
     sky130_fd_sc_hd__dfxtp_2       10
     sky130_fd_sc_hd__inv_2        161
     sky130_fd_sc_hd__mux2_1       256
     sky130_fd_sc_hd__nand2_2       20
     sky130_fd_sc_hd__nor2_2       281
     sky130_fd_sc_hd__o211a_2        2
     sky130_fd_sc_hd__o211ai_2       3
     sky130_fd_sc_hd__o21a_2        23
     sky130_fd_sc_hd__o21ai_2      129
     sky130_fd_sc_hd__o221ai_2     155
     sky130_fd_sc_hd__o22a_2        90
     sky130_fd_sc_hd__o31a_2         2
     sky130_fd_sc_hd__o41a_2         6
     sky130_fd_sc_hd__or2_2        211
     sky130_fd_sc_hd__or3_2         53

   Chip area for module '\dac_digital_interface': 14348.761600

