
27. Executing CHECK pass (checking for obvious problems).
checking module dac_digital_interface..
Warning: Wire dac_digital_interface.\output_thermometer_o [255] is used but has no driver.
Warning: Wire dac_digital_interface.\output_thermometer_o [254] is used but has no driver.
Warning: Wire dac_digital_interface.\output_thermometer_o [253] is used but has no driver.
Warning: Wire dac_digital_interface.\output_thermometer_o [252] is used but has no driver.
Warning: Wire dac_digital_interface.\output_thermometer_o [251] is used but has no driver.
Warning: Wire dac_digital_interface.\output_thermometer_o [250] is used but has no driver.
Warning: Wire dac_digital_interface.\output_thermometer_o [249] is used but has no driver.
Warning: Wire dac_digital_interface.\output_thermometer_o [248] is used but has no driver.
Warning: Wire dac_digital_interface.\output_thermometer_o [247] is used but has no driver.
Warning: Wire dac_digital_interface.\output_thermometer_o [246] is used but has no driver.
Warning: Wire dac_digital_interface.\output_thermometer_o [245] is used but has no driver.
Warning: Wire dac_digital_interface.\output_thermometer_o [244] is used but has no driver.
Warning: Wire dac_digital_interface.\output_thermometer_o [243] is used but has no driver.
Warning: Wire dac_digital_interface.\output_thermometer_o [242] is used but has no driver.
Warning: Wire dac_digital_interface.\output_thermometer_o [241] is used but has no driver.
Warning: Wire dac_digital_interface.\output_thermometer_o [240] is used but has no driver.
Warning: Wire dac_digital_interface.\output_thermometer_o [239] is used but has no driver.
Warning: Wire dac_digital_interface.\output_thermometer_o [238] is used but has no driver.
Warning: Wire dac_digital_interface.\output_thermometer_o [237] is used but has no driver.
Warning: Wire dac_digital_interface.\output_thermometer_o [236] is used but has no driver.
Warning: Wire dac_digital_interface.\output_thermometer_o [235] is used but has no driver.
Warning: Wire dac_digital_interface.\output_thermometer_o [234] is used but has no driver.
Warning: Wire dac_digital_interface.\output_thermometer_o [233] is used but has no driver.
Warning: Wire dac_digital_interface.\output_thermometer_o [232] is used but has no driver.
Warning: Wire dac_digital_interface.\output_thermometer_o [231] is used but has no driver.
Warning: Wire dac_digital_interface.\output_thermometer_o [230] is used but has no driver.
Warning: Wire dac_digital_interface.\output_thermometer_o [229] is used but has no driver.
Warning: Wire dac_digital_interface.\output_thermometer_o [228] is used but has no driver.
Warning: Wire dac_digital_interface.\output_thermometer_o [227] is used but has no driver.
Warning: Wire dac_digital_interface.\output_thermometer_o [226] is used but has no driver.
Warning: Wire dac_digital_interface.\output_thermometer_o [225] is used but has no driver.
Warning: Wire dac_digital_interface.\output_thermometer_o [224] is used but has no driver.
Warning: Wire dac_digital_interface.\output_thermometer_o [223] is used but has no driver.
Warning: Wire dac_digital_interface.\output_thermometer_o [222] is used but has no driver.
Warning: Wire dac_digital_interface.\output_thermometer_o [221] is used but has no driver.
Warning: Wire dac_digital_interface.\output_thermometer_o [220] is used but has no driver.
Warning: Wire dac_digital_interface.\output_thermometer_o [219] is used but has no driver.
Warning: Wire dac_digital_interface.\output_thermometer_o [218] is used but has no driver.
Warning: Wire dac_digital_interface.\output_thermometer_o [217] is used but has no driver.
Warning: Wire dac_digital_interface.\output_thermometer_o [216] is used but has no driver.
Warning: Wire dac_digital_interface.\output_thermometer_o [215] is used but has no driver.
Warning: Wire dac_digital_interface.\output_thermometer_o [214] is used but has no driver.
Warning: Wire dac_digital_interface.\output_thermometer_o [213] is used but has no driver.
Warning: Wire dac_digital_interface.\output_thermometer_o [212] is used but has no driver.
Warning: Wire dac_digital_interface.\output_thermometer_o [211] is used but has no driver.
Warning: Wire dac_digital_interface.\output_thermometer_o [210] is used but has no driver.
Warning: Wire dac_digital_interface.\output_thermometer_o [209] is used but has no driver.
Warning: Wire dac_digital_interface.\output_thermometer_o [208] is used but has no driver.
Warning: Wire dac_digital_interface.\output_thermometer_o [207] is used but has no driver.
Warning: Wire dac_digital_interface.\output_thermometer_o [206] is used but has no driver.
Warning: Wire dac_digital_interface.\output_thermometer_o [205] is used but has no driver.
Warning: Wire dac_digital_interface.\output_thermometer_o [204] is used but has no driver.
Warning: Wire dac_digital_interface.\output_thermometer_o [203] is used but has no driver.
Warning: Wire dac_digital_interface.\output_thermometer_o [202] is used but has no driver.
Warning: Wire dac_digital_interface.\output_thermometer_o [201] is used but has no driver.
Warning: Wire dac_digital_interface.\output_thermometer_o [200] is used but has no driver.
Warning: Wire dac_digital_interface.\output_thermometer_o [199] is used but has no driver.
Warning: Wire dac_digital_interface.\output_thermometer_o [198] is used but has no driver.
Warning: Wire dac_digital_interface.\output_thermometer_o [197] is used but has no driver.
Warning: Wire dac_digital_interface.\output_thermometer_o [196] is used but has no driver.
Warning: Wire dac_digital_interface.\output_thermometer_o [195] is used but has no driver.
Warning: Wire dac_digital_interface.\output_thermometer_o [194] is used but has no driver.
Warning: Wire dac_digital_interface.\output_thermometer_o [193] is used but has no driver.
Warning: Wire dac_digital_interface.\output_thermometer_o [192] is used but has no driver.
Warning: Wire dac_digital_interface.\output_thermometer_o [191] is used but has no driver.
Warning: Wire dac_digital_interface.\output_thermometer_o [190] is used but has no driver.
Warning: Wire dac_digital_interface.\output_thermometer_o [189] is used but has no driver.
Warning: Wire dac_digital_interface.\output_thermometer_o [188] is used but has no driver.
Warning: Wire dac_digital_interface.\output_thermometer_o [187] is used but has no driver.
Warning: Wire dac_digital_interface.\output_thermometer_o [186] is used but has no driver.
Warning: Wire dac_digital_interface.\output_thermometer_o [185] is used but has no driver.
Warning: Wire dac_digital_interface.\output_thermometer_o [184] is used but has no driver.
Warning: Wire dac_digital_interface.\output_thermometer_o [183] is used but has no driver.
Warning: Wire dac_digital_interface.\output_thermometer_o [182] is used but has no driver.
Warning: Wire dac_digital_interface.\output_thermometer_o [181] is used but has no driver.
Warning: Wire dac_digital_interface.\output_thermometer_o [180] is used but has no driver.
Warning: Wire dac_digital_interface.\output_thermometer_o [179] is used but has no driver.
Warning: Wire dac_digital_interface.\output_thermometer_o [178] is used but has no driver.
Warning: Wire dac_digital_interface.\output_thermometer_o [177] is used but has no driver.
Warning: Wire dac_digital_interface.\output_thermometer_o [176] is used but has no driver.
Warning: Wire dac_digital_interface.\output_thermometer_o [175] is used but has no driver.
Warning: Wire dac_digital_interface.\output_thermometer_o [174] is used but has no driver.
Warning: Wire dac_digital_interface.\output_thermometer_o [173] is used but has no driver.
Warning: Wire dac_digital_interface.\output_thermometer_o [172] is used but has no driver.
Warning: Wire dac_digital_interface.\output_thermometer_o [171] is used but has no driver.
Warning: Wire dac_digital_interface.\output_thermometer_o [170] is used but has no driver.
Warning: Wire dac_digital_interface.\output_thermometer_o [169] is used but has no driver.
Warning: Wire dac_digital_interface.\output_thermometer_o [168] is used but has no driver.
Warning: Wire dac_digital_interface.\output_thermometer_o [167] is used but has no driver.
Warning: Wire dac_digital_interface.\output_thermometer_o [166] is used but has no driver.
Warning: Wire dac_digital_interface.\output_thermometer_o [165] is used but has no driver.
Warning: Wire dac_digital_interface.\output_thermometer_o [164] is used but has no driver.
Warning: Wire dac_digital_interface.\output_thermometer_o [163] is used but has no driver.
Warning: Wire dac_digital_interface.\output_thermometer_o [162] is used but has no driver.
Warning: Wire dac_digital_interface.\output_thermometer_o [161] is used but has no driver.
Warning: Wire dac_digital_interface.\output_thermometer_o [160] is used but has no driver.
Warning: Wire dac_digital_interface.\output_thermometer_o [159] is used but has no driver.
Warning: Wire dac_digital_interface.\output_thermometer_o [158] is used but has no driver.
Warning: Wire dac_digital_interface.\output_thermometer_o [157] is used but has no driver.
Warning: Wire dac_digital_interface.\output_thermometer_o [156] is used but has no driver.
Warning: Wire dac_digital_interface.\output_thermometer_o [155] is used but has no driver.
Warning: Wire dac_digital_interface.\output_thermometer_o [154] is used but has no driver.
Warning: Wire dac_digital_interface.\output_thermometer_o [153] is used but has no driver.
Warning: Wire dac_digital_interface.\output_thermometer_o [152] is used but has no driver.
Warning: Wire dac_digital_interface.\output_thermometer_o [151] is used but has no driver.
Warning: Wire dac_digital_interface.\output_thermometer_o [150] is used but has no driver.
Warning: Wire dac_digital_interface.\output_thermometer_o [149] is used but has no driver.
Warning: Wire dac_digital_interface.\output_thermometer_o [148] is used but has no driver.
Warning: Wire dac_digital_interface.\output_thermometer_o [147] is used but has no driver.
Warning: Wire dac_digital_interface.\output_thermometer_o [146] is used but has no driver.
Warning: Wire dac_digital_interface.\output_thermometer_o [145] is used but has no driver.
Warning: Wire dac_digital_interface.\output_thermometer_o [144] is used but has no driver.
Warning: Wire dac_digital_interface.\output_thermometer_o [143] is used but has no driver.
Warning: Wire dac_digital_interface.\output_thermometer_o [142] is used but has no driver.
Warning: Wire dac_digital_interface.\output_thermometer_o [141] is used but has no driver.
Warning: Wire dac_digital_interface.\output_thermometer_o [140] is used but has no driver.
Warning: Wire dac_digital_interface.\output_thermometer_o [139] is used but has no driver.
Warning: Wire dac_digital_interface.\output_thermometer_o [138] is used but has no driver.
Warning: Wire dac_digital_interface.\output_thermometer_o [137] is used but has no driver.
Warning: Wire dac_digital_interface.\output_thermometer_o [136] is used but has no driver.
Warning: Wire dac_digital_interface.\output_thermometer_o [135] is used but has no driver.
Warning: Wire dac_digital_interface.\output_thermometer_o [134] is used but has no driver.
Warning: Wire dac_digital_interface.\output_thermometer_o [133] is used but has no driver.
Warning: Wire dac_digital_interface.\output_thermometer_o [132] is used but has no driver.
Warning: Wire dac_digital_interface.\output_thermometer_o [131] is used but has no driver.
Warning: Wire dac_digital_interface.\output_thermometer_o [130] is used but has no driver.
Warning: Wire dac_digital_interface.\output_thermometer_o [129] is used but has no driver.
Warning: Wire dac_digital_interface.\output_thermometer_o [128] is used but has no driver.
Warning: Wire dac_digital_interface.\output_thermometer_o [127] is used but has no driver.
Warning: Wire dac_digital_interface.\output_thermometer_o [126] is used but has no driver.
Warning: Wire dac_digital_interface.\output_thermometer_o [125] is used but has no driver.
Warning: Wire dac_digital_interface.\output_thermometer_o [124] is used but has no driver.
Warning: Wire dac_digital_interface.\output_thermometer_o [123] is used but has no driver.
Warning: Wire dac_digital_interface.\output_thermometer_o [122] is used but has no driver.
Warning: Wire dac_digital_interface.\output_thermometer_o [121] is used but has no driver.
Warning: Wire dac_digital_interface.\output_thermometer_o [120] is used but has no driver.
Warning: Wire dac_digital_interface.\output_thermometer_o [119] is used but has no driver.
Warning: Wire dac_digital_interface.\output_thermometer_o [118] is used but has no driver.
Warning: Wire dac_digital_interface.\output_thermometer_o [117] is used but has no driver.
Warning: Wire dac_digital_interface.\output_thermometer_o [116] is used but has no driver.
Warning: Wire dac_digital_interface.\output_thermometer_o [115] is used but has no driver.
Warning: Wire dac_digital_interface.\output_thermometer_o [114] is used but has no driver.
Warning: Wire dac_digital_interface.\output_thermometer_o [113] is used but has no driver.
Warning: Wire dac_digital_interface.\output_thermometer_o [112] is used but has no driver.
Warning: Wire dac_digital_interface.\output_thermometer_o [111] is used but has no driver.
Warning: Wire dac_digital_interface.\output_thermometer_o [110] is used but has no driver.
Warning: Wire dac_digital_interface.\output_thermometer_o [109] is used but has no driver.
Warning: Wire dac_digital_interface.\output_thermometer_o [108] is used but has no driver.
Warning: Wire dac_digital_interface.\output_thermometer_o [107] is used but has no driver.
Warning: Wire dac_digital_interface.\output_thermometer_o [106] is used but has no driver.
Warning: Wire dac_digital_interface.\output_thermometer_o [105] is used but has no driver.
Warning: Wire dac_digital_interface.\output_thermometer_o [104] is used but has no driver.
Warning: Wire dac_digital_interface.\output_thermometer_o [103] is used but has no driver.
Warning: Wire dac_digital_interface.\output_thermometer_o [102] is used but has no driver.
Warning: Wire dac_digital_interface.\output_thermometer_o [101] is used but has no driver.
Warning: Wire dac_digital_interface.\output_thermometer_o [100] is used but has no driver.
Warning: Wire dac_digital_interface.\output_thermometer_o [99] is used but has no driver.
Warning: Wire dac_digital_interface.\output_thermometer_o [98] is used but has no driver.
Warning: Wire dac_digital_interface.\output_thermometer_o [97] is used but has no driver.
Warning: Wire dac_digital_interface.\output_thermometer_o [96] is used but has no driver.
Warning: Wire dac_digital_interface.\output_thermometer_o [95] is used but has no driver.
Warning: Wire dac_digital_interface.\output_thermometer_o [94] is used but has no driver.
Warning: Wire dac_digital_interface.\output_thermometer_o [93] is used but has no driver.
Warning: Wire dac_digital_interface.\output_thermometer_o [92] is used but has no driver.
Warning: Wire dac_digital_interface.\output_thermometer_o [91] is used but has no driver.
Warning: Wire dac_digital_interface.\output_thermometer_o [90] is used but has no driver.
Warning: Wire dac_digital_interface.\output_thermometer_o [89] is used but has no driver.
Warning: Wire dac_digital_interface.\output_thermometer_o [88] is used but has no driver.
Warning: Wire dac_digital_interface.\output_thermometer_o [87] is used but has no driver.
Warning: Wire dac_digital_interface.\output_thermometer_o [86] is used but has no driver.
Warning: Wire dac_digital_interface.\output_thermometer_o [85] is used but has no driver.
Warning: Wire dac_digital_interface.\output_thermometer_o [84] is used but has no driver.
Warning: Wire dac_digital_interface.\output_thermometer_o [83] is used but has no driver.
Warning: Wire dac_digital_interface.\output_thermometer_o [82] is used but has no driver.
Warning: Wire dac_digital_interface.\output_thermometer_o [81] is used but has no driver.
Warning: Wire dac_digital_interface.\output_thermometer_o [80] is used but has no driver.
Warning: Wire dac_digital_interface.\output_thermometer_o [79] is used but has no driver.
Warning: Wire dac_digital_interface.\output_thermometer_o [78] is used but has no driver.
Warning: Wire dac_digital_interface.\output_thermometer_o [77] is used but has no driver.
Warning: Wire dac_digital_interface.\output_thermometer_o [76] is used but has no driver.
Warning: Wire dac_digital_interface.\output_thermometer_o [75] is used but has no driver.
Warning: Wire dac_digital_interface.\output_thermometer_o [74] is used but has no driver.
Warning: Wire dac_digital_interface.\output_thermometer_o [73] is used but has no driver.
Warning: Wire dac_digital_interface.\output_thermometer_o [72] is used but has no driver.
Warning: Wire dac_digital_interface.\output_thermometer_o [71] is used but has no driver.
Warning: Wire dac_digital_interface.\output_thermometer_o [70] is used but has no driver.
Warning: Wire dac_digital_interface.\output_thermometer_o [69] is used but has no driver.
Warning: Wire dac_digital_interface.\output_thermometer_o [68] is used but has no driver.
Warning: Wire dac_digital_interface.\output_thermometer_o [67] is used but has no driver.
Warning: Wire dac_digital_interface.\output_thermometer_o [66] is used but has no driver.
Warning: Wire dac_digital_interface.\output_thermometer_o [65] is used but has no driver.
Warning: Wire dac_digital_interface.\output_thermometer_o [64] is used but has no driver.
Warning: Wire dac_digital_interface.\output_thermometer_o [63] is used but has no driver.
Warning: Wire dac_digital_interface.\output_thermometer_o [62] is used but has no driver.
Warning: Wire dac_digital_interface.\output_thermometer_o [61] is used but has no driver.
Warning: Wire dac_digital_interface.\output_thermometer_o [60] is used but has no driver.
Warning: Wire dac_digital_interface.\output_thermometer_o [59] is used but has no driver.
Warning: Wire dac_digital_interface.\output_thermometer_o [58] is used but has no driver.
Warning: Wire dac_digital_interface.\output_thermometer_o [57] is used but has no driver.
Warning: Wire dac_digital_interface.\output_thermometer_o [56] is used but has no driver.
Warning: Wire dac_digital_interface.\output_thermometer_o [55] is used but has no driver.
Warning: Wire dac_digital_interface.\output_thermometer_o [54] is used but has no driver.
Warning: Wire dac_digital_interface.\output_thermometer_o [53] is used but has no driver.
Warning: Wire dac_digital_interface.\output_thermometer_o [52] is used but has no driver.
Warning: Wire dac_digital_interface.\output_thermometer_o [51] is used but has no driver.
Warning: Wire dac_digital_interface.\output_thermometer_o [50] is used but has no driver.
Warning: Wire dac_digital_interface.\output_thermometer_o [49] is used but has no driver.
Warning: Wire dac_digital_interface.\output_thermometer_o [48] is used but has no driver.
Warning: Wire dac_digital_interface.\output_thermometer_o [47] is used but has no driver.
Warning: Wire dac_digital_interface.\output_thermometer_o [46] is used but has no driver.
Warning: Wire dac_digital_interface.\output_thermometer_o [45] is used but has no driver.
Warning: Wire dac_digital_interface.\output_thermometer_o [44] is used but has no driver.
Warning: Wire dac_digital_interface.\output_thermometer_o [43] is used but has no driver.
Warning: Wire dac_digital_interface.\output_thermometer_o [42] is used but has no driver.
Warning: Wire dac_digital_interface.\output_thermometer_o [41] is used but has no driver.
Warning: Wire dac_digital_interface.\output_thermometer_o [40] is used but has no driver.
Warning: Wire dac_digital_interface.\output_thermometer_o [39] is used but has no driver.
Warning: Wire dac_digital_interface.\output_thermometer_o [38] is used but has no driver.
Warning: Wire dac_digital_interface.\output_thermometer_o [37] is used but has no driver.
Warning: Wire dac_digital_interface.\output_thermometer_o [36] is used but has no driver.
Warning: Wire dac_digital_interface.\output_thermometer_o [35] is used but has no driver.
Warning: Wire dac_digital_interface.\output_thermometer_o [34] is used but has no driver.
Warning: Wire dac_digital_interface.\output_thermometer_o [33] is used but has no driver.
Warning: Wire dac_digital_interface.\output_thermometer_o [32] is used but has no driver.
Warning: Wire dac_digital_interface.\output_thermometer_o [31] is used but has no driver.
Warning: Wire dac_digital_interface.\output_thermometer_o [30] is used but has no driver.
Warning: Wire dac_digital_interface.\output_thermometer_o [29] is used but has no driver.
Warning: Wire dac_digital_interface.\output_thermometer_o [28] is used but has no driver.
Warning: Wire dac_digital_interface.\output_thermometer_o [27] is used but has no driver.
Warning: Wire dac_digital_interface.\output_thermometer_o [26] is used but has no driver.
Warning: Wire dac_digital_interface.\output_thermometer_o [25] is used but has no driver.
Warning: Wire dac_digital_interface.\output_thermometer_o [24] is used but has no driver.
Warning: Wire dac_digital_interface.\output_thermometer_o [23] is used but has no driver.
Warning: Wire dac_digital_interface.\output_thermometer_o [22] is used but has no driver.
Warning: Wire dac_digital_interface.\output_thermometer_o [21] is used but has no driver.
Warning: Wire dac_digital_interface.\output_thermometer_o [20] is used but has no driver.
Warning: Wire dac_digital_interface.\output_thermometer_o [19] is used but has no driver.
Warning: Wire dac_digital_interface.\output_thermometer_o [18] is used but has no driver.
Warning: Wire dac_digital_interface.\output_thermometer_o [17] is used but has no driver.
Warning: Wire dac_digital_interface.\output_thermometer_o [16] is used but has no driver.
Warning: Wire dac_digital_interface.\output_thermometer_o [15] is used but has no driver.
Warning: Wire dac_digital_interface.\output_thermometer_o [14] is used but has no driver.
Warning: Wire dac_digital_interface.\output_thermometer_o [13] is used but has no driver.
Warning: Wire dac_digital_interface.\output_thermometer_o [12] is used but has no driver.
Warning: Wire dac_digital_interface.\output_thermometer_o [11] is used but has no driver.
Warning: Wire dac_digital_interface.\output_thermometer_o [10] is used but has no driver.
Warning: Wire dac_digital_interface.\output_thermometer_o [9] is used but has no driver.
Warning: Wire dac_digital_interface.\output_thermometer_o [8] is used but has no driver.
Warning: Wire dac_digital_interface.\output_thermometer_o [7] is used but has no driver.
Warning: Wire dac_digital_interface.\output_thermometer_o [6] is used but has no driver.
Warning: Wire dac_digital_interface.\output_thermometer_o [5] is used but has no driver.
Warning: Wire dac_digital_interface.\output_thermometer_o [4] is used but has no driver.
Warning: Wire dac_digital_interface.\output_thermometer_o [3] is used but has no driver.
Warning: Wire dac_digital_interface.\output_thermometer_o [2] is used but has no driver.
Warning: Wire dac_digital_interface.\output_thermometer_o [1] is used but has no driver.
Warning: Wire dac_digital_interface.\output_thermometer_o [0] is used but has no driver.
Warning: Wire dac_digital_interface.\output_binary_o [1] is used but has no driver.
Warning: Wire dac_digital_interface.\output_binary_o [0] is used but has no driver.
found and reported 258 problems.
