Startpoint: rst_ni (input port clocked by clk_i)
Endpoint: _3747_ (removal check against rising-edge clock clk_i)
Path Group: **async_default**
Path Type: min

Fanout     Cap    Slew   Delay    Time   Description
-----------------------------------------------------------------------------
                  0.00    0.00    0.00   clock clk_i (rise edge)
                          0.00    0.00   clock network delay (ideal)
                          2.00    2.00 ^ input external delay
                  0.01    0.00    2.00 ^ rst_ni (in)
     1    0.00                           rst_ni (net)
                  0.01    0.00    2.00 ^ hold2/A (sky130_fd_sc_hd__dlygate4sd3_1)
                  0.05    0.38    2.38 ^ hold2/X (sky130_fd_sc_hd__dlygate4sd3_1)
     1    0.00                           net287 (net)
                  0.05    0.00    2.38 ^ input1/A (sky130_fd_sc_hd__buf_6)
                  0.01    0.06    2.44 ^ input1/X (sky130_fd_sc_hd__buf_6)
     1    0.00                           net1 (net)
                  0.01    0.00    2.44 ^ hold1/A (sky130_fd_sc_hd__dlygate4sd3_1)
                  0.46    0.67    3.10 ^ hold1/X (sky130_fd_sc_hd__dlygate4sd3_1)
    17    0.06                           net286 (net)
                  0.46    0.00    3.10 ^ _3747_/RESET_B (sky130_fd_sc_hd__dfrtp_2)
                                  3.10   data arrival time

                  0.00    0.00    0.00   clock clk_i (rise edge)
                          0.00    0.00   clock network delay (ideal)
                          0.00    0.00   clock reconvergence pessimism
                                  0.00 ^ _3747_/CLK (sky130_fd_sc_hd__dfrtp_2)
                          0.31    0.31   library removal time
                                  0.31   data required time
-----------------------------------------------------------------------------
                                  0.31   data required time
                                 -3.10   data arrival time
-----------------------------------------------------------------------------
                                  2.80   slack (MET)


Startpoint: _3742_ (rising edge-triggered flip-flop clocked by clk_i)
Endpoint: _3744_ (rising edge-triggered flip-flop clocked by clk_i)
Path Group: clk_i
Path Type: min

Fanout     Cap    Slew   Delay    Time   Description
-----------------------------------------------------------------------------
                  0.00    0.00    0.00   clock clk_i (rise edge)
                          0.00    0.00   clock network delay (ideal)
                  0.00    0.00    0.00 ^ _3742_/CLK (sky130_fd_sc_hd__dfxtp_1)
                  0.02    0.17    0.17 ^ _3742_/Q (sky130_fd_sc_hd__dfxtp_1)
     1    0.00                           input_binary_slice_q[0] (net)
                  0.02    0.00    0.17 ^ _3744_/D (sky130_fd_sc_hd__dfxtp_1)
                                  0.17   data arrival time

                  0.00    0.00    0.00   clock clk_i (rise edge)
                          0.00    0.00   clock network delay (ideal)
                          0.00    0.00   clock reconvergence pessimism
                                  0.00 ^ _3744_/CLK (sky130_fd_sc_hd__dfxtp_1)
                         -0.02   -0.02   library hold time
                                 -0.02   data required time
-----------------------------------------------------------------------------
                                 -0.02   data required time
                                 -0.17   data arrival time
-----------------------------------------------------------------------------
                                  0.19   slack (MET)


Startpoint: rst_ni (input port clocked by clk_i)
Endpoint: _3747_ (recovery check against rising-edge clock clk_i)
Path Group: **async_default**
Path Type: max

Fanout     Cap    Slew   Delay    Time   Description
-----------------------------------------------------------------------------
                  0.00    0.00    0.00   clock clk_i (rise edge)
                          0.00    0.00   clock network delay (ideal)
                          2.00    2.00 ^ input external delay
                  0.02    0.00    2.00 ^ rst_ni (in)
     1    0.00                           rst_ni (net)
                  0.02    0.00    2.00 ^ hold2/A (sky130_fd_sc_hd__dlygate4sd3_1)
                  0.12    1.05    3.05 ^ hold2/X (sky130_fd_sc_hd__dlygate4sd3_1)
     1    0.00                           net287 (net)
                  0.12    0.00    3.05 ^ input1/A (sky130_fd_sc_hd__buf_6)
                  0.03    0.17    3.22 ^ input1/X (sky130_fd_sc_hd__buf_6)
     1    0.00                           net1 (net)
                  0.03    0.00    3.22 ^ hold1/A (sky130_fd_sc_hd__dlygate4sd3_1)
                  0.84    1.60    4.82 ^ hold1/X (sky130_fd_sc_hd__dlygate4sd3_1)
    17    0.06                           net286 (net)
                  0.84    0.00    4.82 ^ _3747_/RESET_B (sky130_fd_sc_hd__dfrtp_2)
                                  4.82   data arrival time

                  0.00   10.00   10.00   clock clk_i (rise edge)
                          0.00   10.00   clock network delay (ideal)
                          0.00   10.00   clock reconvergence pessimism
                                 10.00 ^ _3747_/CLK (sky130_fd_sc_hd__dfrtp_2)
                          0.09   10.09   library recovery time
                                 10.09   data required time
-----------------------------------------------------------------------------
                                 10.09   data required time
                                 -4.82   data arrival time
-----------------------------------------------------------------------------
                                  5.27   slack (MET)


Startpoint: input_binary_i[9] (input port clocked by clk_i)
Endpoint: _3258_ (rising edge-triggered flip-flop clocked by clk_i)
Path Group: clk_i
Path Type: max

Fanout     Cap    Slew   Delay    Time   Description
-----------------------------------------------------------------------------
                  0.00    0.00    0.00   clock clk_i (rise edge)
                          0.00    0.00   clock network delay (ideal)
                          2.00    2.00 v input external delay
                  0.01    0.00    2.00 v input_binary_i[9] (in)
     1    0.00                           input_binary_i[9] (net)
                  0.01    0.00    2.00 v input13/A (sky130_fd_sc_hd__buf_2)
                  0.08    0.24    2.24 v input13/X (sky130_fd_sc_hd__buf_2)
     4    0.01                           net13 (net)
                  0.08    0.00    2.24 v _1651_/A (sky130_fd_sc_hd__inv_2)
                  0.11    0.12    2.36 ^ _1651_/Y (sky130_fd_sc_hd__inv_2)
     3    0.01                           _1217_ (net)
                  0.11    0.00    2.36 ^ hold6/A (sky130_fd_sc_hd__dlygate4sd3_1)
                  0.12    1.08    3.44 ^ hold6/X (sky130_fd_sc_hd__dlygate4sd3_1)
     1    0.00                           net291 (net)
                  0.12    0.00    3.44 ^ _1691_/A (sky130_fd_sc_hd__nand2_2)
                  0.11    0.14    3.59 v _1691_/Y (sky130_fd_sc_hd__nand2_2)
     2    0.01                           _0511_ (net)
                  0.11    0.00    3.59 v hold8/A (sky130_fd_sc_hd__dlygate4sd3_1)
                  0.11    1.14    4.73 v hold8/X (sky130_fd_sc_hd__dlygate4sd3_1)
     2    0.00                           net293 (net)
                  0.11    0.00    4.73 v _2164_/A (sky130_fd_sc_hd__or2_1)
                  0.09    0.49    5.22 v _2164_/X (sky130_fd_sc_hd__or2_1)
     1    0.00                           _0287_ (net)
                  0.09    0.00    5.22 v _3258_/D (sky130_fd_sc_hd__dfxtp_1)
                                  5.22   data arrival time

                  0.00   10.00   10.00   clock clk_i (rise edge)
                          0.00   10.00   clock network delay (ideal)
                          0.00   10.00   clock reconvergence pessimism
                                 10.00 ^ _3258_/CLK (sky130_fd_sc_hd__dfxtp_1)
                         -0.29    9.71   library setup time
                                  9.71   data required time
-----------------------------------------------------------------------------
                                  9.71   data required time
                                 -5.22   data arrival time
-----------------------------------------------------------------------------
                                  4.48   slack (MET)


