Startpoint: rst_ni (input port clocked by clk_i)
Endpoint: _3747_ (removal check against rising-edge clock clk_i)
Path Group: **async_default**
Path Type: min

Fanout     Cap    Slew   Delay    Time   Description
-----------------------------------------------------------------------------
                  0.00    0.00    0.00   clock clk_i (rise edge)
                          0.00    0.00   clock network delay (ideal)
                         10.00   10.00 ^ input external delay
                  0.07    0.05   10.05 ^ rst_ni (in)
    17    0.06                           rst_ni (net)
                  0.07    0.00   10.05 ^ _3747_/RESET_B (sky130_fd_sc_hd__dfrtp_2)
                                 10.05   data arrival time

                  0.00    0.00    0.00   clock clk_i (rise edge)
                          0.00    0.00   clock network delay (ideal)
                          0.00    0.00   clock reconvergence pessimism
                                  0.00 ^ _3747_/CLK (sky130_fd_sc_hd__dfrtp_2)
                          0.20    0.20   library removal time
                                  0.20   data required time
-----------------------------------------------------------------------------
                                  0.20   data required time
                                -10.05   data arrival time
-----------------------------------------------------------------------------
                                  9.85   slack (MET)


Startpoint: _3742_ (rising edge-triggered flip-flop clocked by clk_i)
Endpoint: _3744_ (rising edge-triggered flip-flop clocked by clk_i)
Path Group: clk_i
Path Type: min

Fanout     Cap    Slew   Delay    Time   Description
-----------------------------------------------------------------------------
                  0.00    0.00    0.00   clock clk_i (rise edge)
                          0.00    0.00   clock network delay (ideal)
                  0.00    0.00    0.00 ^ _3742_/CLK (sky130_fd_sc_hd__dfxtp_2)
                  0.02    0.17    0.17 ^ _3742_/Q (sky130_fd_sc_hd__dfxtp_2)
     1    0.00                           input_binary_slice_q[0] (net)
                  0.02    0.00    0.17 ^ _3744_/D (sky130_fd_sc_hd__dfxtp_2)
                                  0.17   data arrival time

                  0.00    0.00    0.00   clock clk_i (rise edge)
                          0.00    0.00   clock network delay (ideal)
                          0.00    0.00   clock reconvergence pessimism
                                  0.00 ^ _3744_/CLK (sky130_fd_sc_hd__dfxtp_2)
                         -0.02   -0.02   library hold time
                                 -0.02   data required time
-----------------------------------------------------------------------------
                                 -0.02   data required time
                                 -0.17   data arrival time
-----------------------------------------------------------------------------
                                  0.19   slack (MET)


Startpoint: rst_ni (input port clocked by clk_i)
Endpoint: _3747_ (recovery check against rising-edge clock clk_i)
Path Group: **async_default**
Path Type: max

Fanout     Cap    Slew   Delay    Time   Description
-----------------------------------------------------------------------------
                  0.00    0.00    0.00   clock clk_i (rise edge)
                          0.00    0.00   clock network delay (ideal)
                         10.00   10.00 ^ input external delay
                  0.14    0.09   10.09 ^ rst_ni (in)
    17    0.06                           rst_ni (net)
                  0.14    0.00   10.09 ^ _3747_/RESET_B (sky130_fd_sc_hd__dfrtp_2)
                                 10.09   data arrival time

                  0.00   50.00   50.00   clock clk_i (rise edge)
                          0.00   50.00   clock network delay (ideal)
                          0.00   50.00   clock reconvergence pessimism
                                 50.00 ^ _3747_/CLK (sky130_fd_sc_hd__dfrtp_2)
                          0.39   50.39   library recovery time
                                 50.39   data required time
-----------------------------------------------------------------------------
                                 50.39   data required time
                                -10.09   data arrival time
-----------------------------------------------------------------------------
                                 40.30   slack (MET)


Startpoint: en_i (input port clocked by clk_i)
Endpoint: en_o (output port clocked by clk_i)
Path Group: clk_i
Path Type: max

Fanout     Cap    Slew   Delay    Time   Description
-----------------------------------------------------------------------------
                  0.00    0.00    0.00   clock clk_i (rise edge)
                          0.00    0.00   clock network delay (ideal)
                         10.00   10.00 v input external delay
                  0.01    0.00   10.00 v en_i (in)
     1    0.00                           en_i (net)
                  0.01    0.00   10.00 v _2974_/A (sky130_fd_sc_hd__buf_2)
                  0.10    0.26   10.27 v _2974_/X (sky130_fd_sc_hd__buf_2)
     1    0.02                           en_o (net)
                  0.10    0.00   10.27 v en_o (out)
                                 10.27   data arrival time

                  0.00   50.00   50.00   clock clk_i (rise edge)
                          0.00   50.00   clock network delay (ideal)
                          0.00   50.00   clock reconvergence pessimism
                        -10.00   40.00   output external delay
                                 40.00   data required time
-----------------------------------------------------------------------------
                                 40.00   data required time
                                -10.27   data arrival time
-----------------------------------------------------------------------------
                                 29.73   slack (MET)


