max slew

Pin                                    Limit    Slew   Slack
------------------------------------------------------------
_2577_/Y                                1.49   14.15  -12.66 (VIOLATED)
_3128_/S                                1.50   14.15  -12.65 (VIOLATED)
_3129_/S                                1.50   14.15  -12.65 (VIOLATED)
_3130_/S                                1.50   14.15  -12.65 (VIOLATED)
_3131_/S                                1.50   14.15  -12.65 (VIOLATED)
_3132_/S                                1.50   14.15  -12.65 (VIOLATED)
_3133_/S                                1.50   14.15  -12.65 (VIOLATED)
_3134_/S                                1.50   14.15  -12.65 (VIOLATED)
_3135_/S                                1.50   14.15  -12.65 (VIOLATED)
_3136_/S                                1.50   14.15  -12.65 (VIOLATED)
_3137_/S                                1.50   14.15  -12.65 (VIOLATED)
_3138_/S                                1.50   14.15  -12.65 (VIOLATED)
_3139_/S                                1.50   14.15  -12.65 (VIOLATED)
_3140_/S                                1.50   14.15  -12.65 (VIOLATED)
_3141_/S                                1.50   14.15  -12.65 (VIOLATED)
_3142_/S                                1.50   14.15  -12.65 (VIOLATED)
_3143_/S                                1.50   14.15  -12.65 (VIOLATED)
_3144_/S                                1.50   14.15  -12.65 (VIOLATED)
_3145_/S                                1.50   14.15  -12.65 (VIOLATED)
_3146_/S                                1.50   14.15  -12.65 (VIOLATED)
_3147_/S                                1.50   14.15  -12.65 (VIOLATED)
_3148_/S                                1.50   14.15  -12.65 (VIOLATED)
_3149_/S                                1.50   14.15  -12.65 (VIOLATED)
_3150_/S                                1.50   14.15  -12.65 (VIOLATED)
_3151_/S                                1.50   14.15  -12.65 (VIOLATED)
_3152_/S                                1.50   14.15  -12.65 (VIOLATED)
_3153_/S                                1.50   14.15  -12.65 (VIOLATED)
_3154_/S                                1.50   14.15  -12.65 (VIOLATED)
_3155_/S                                1.50   14.15  -12.65 (VIOLATED)
_3156_/S                                1.50   14.15  -12.65 (VIOLATED)
_3157_/S                                1.50   14.15  -12.65 (VIOLATED)
_3158_/S                                1.50   14.15  -12.65 (VIOLATED)
_3159_/S                                1.50   14.15  -12.65 (VIOLATED)
_3160_/S                                1.50   14.15  -12.65 (VIOLATED)
_3161_/S                                1.50   14.15  -12.65 (VIOLATED)
_3162_/S                                1.50   14.15  -12.65 (VIOLATED)
_3163_/S                                1.50   14.15  -12.65 (VIOLATED)
_3164_/S                                1.50   14.15  -12.65 (VIOLATED)
_3165_/S                                1.50   14.15  -12.65 (VIOLATED)
_3166_/S                                1.50   14.15  -12.65 (VIOLATED)
_3167_/S                                1.50   14.15  -12.65 (VIOLATED)
_3168_/S                                1.50   14.15  -12.65 (VIOLATED)
_3169_/S                                1.50   14.15  -12.65 (VIOLATED)
_3170_/S                                1.50   14.15  -12.65 (VIOLATED)
_3171_/S                                1.50   14.15  -12.65 (VIOLATED)
_3172_/S                                1.50   14.15  -12.65 (VIOLATED)
_3173_/S                                1.50   14.15  -12.65 (VIOLATED)
_3174_/S                                1.50   14.15  -12.65 (VIOLATED)
_3175_/S                                1.50   14.15  -12.65 (VIOLATED)
_3176_/S                                1.50   14.15  -12.65 (VIOLATED)
_3177_/S                                1.50   14.15  -12.65 (VIOLATED)
_3178_/S                                1.50   14.15  -12.65 (VIOLATED)
_3179_/S                                1.50   14.15  -12.65 (VIOLATED)
_3180_/S                                1.50   14.15  -12.65 (VIOLATED)
_3181_/S                                1.50   14.15  -12.65 (VIOLATED)
_3182_/S                                1.50   14.15  -12.65 (VIOLATED)
_3183_/S                                1.50   14.15  -12.65 (VIOLATED)
_3184_/S                                1.50   14.15  -12.65 (VIOLATED)
_3185_/S                                1.50   14.15  -12.65 (VIOLATED)
_3186_/S                                1.50   14.15  -12.65 (VIOLATED)
_3187_/S                                1.50   14.15  -12.65 (VIOLATED)
_3188_/S                                1.50   14.15  -12.65 (VIOLATED)
_3189_/S                                1.50   14.15  -12.65 (VIOLATED)
_3190_/S                                1.50   14.15  -12.65 (VIOLATED)
_3191_/S                                1.50   14.15  -12.65 (VIOLATED)
_3192_/S                                1.50   14.15  -12.65 (VIOLATED)
_3193_/S                                1.50   14.15  -12.65 (VIOLATED)
_3194_/S                                1.50   14.15  -12.65 (VIOLATED)
_3195_/S                                1.50   14.15  -12.65 (VIOLATED)
_3196_/S                                1.50   14.15  -12.65 (VIOLATED)
_3197_/S                                1.50   14.15  -12.65 (VIOLATED)
_3198_/S                                1.50   14.15  -12.65 (VIOLATED)
_3199_/S                                1.50   14.15  -12.65 (VIOLATED)
_3200_/S                                1.50   14.15  -12.65 (VIOLATED)
_3201_/S                                1.50   14.15  -12.65 (VIOLATED)
_3202_/S                                1.50   14.15  -12.65 (VIOLATED)
_3203_/S                                1.50   14.15  -12.65 (VIOLATED)
_3204_/S                                1.50   14.15  -12.65 (VIOLATED)
_3205_/S                                1.50   14.15  -12.65 (VIOLATED)
_3206_/S                                1.50   14.15  -12.65 (VIOLATED)
_3207_/S                                1.50   14.15  -12.65 (VIOLATED)
_3208_/S                                1.50   14.15  -12.65 (VIOLATED)
_3209_/S                                1.50   14.15  -12.65 (VIOLATED)
_3210_/S                                1.50   14.15  -12.65 (VIOLATED)
_3211_/S                                1.50   14.15  -12.65 (VIOLATED)
_3212_/S                                1.50   14.15  -12.65 (VIOLATED)
_3213_/S                                1.50   14.15  -12.65 (VIOLATED)
_3214_/S                                1.50   14.15  -12.65 (VIOLATED)
_3215_/S                                1.50   14.15  -12.65 (VIOLATED)
_3216_/S                                1.50   14.15  -12.65 (VIOLATED)
_3217_/S                                1.50   14.15  -12.65 (VIOLATED)
_3218_/S                                1.50   14.15  -12.65 (VIOLATED)
_3219_/S                                1.50   14.15  -12.65 (VIOLATED)
_3220_/S                                1.50   14.15  -12.65 (VIOLATED)
_3221_/S                                1.50   14.15  -12.65 (VIOLATED)
_3222_/S                                1.50   14.15  -12.65 (VIOLATED)
_3223_/S                                1.50   14.15  -12.65 (VIOLATED)
_3224_/S                                1.50   14.15  -12.65 (VIOLATED)
_3225_/S                                1.50   14.15  -12.65 (VIOLATED)
_3226_/S                                1.50   14.15  -12.65 (VIOLATED)
_3227_/S                                1.50   14.15  -12.65 (VIOLATED)
_3228_/S                                1.50   14.15  -12.65 (VIOLATED)
_3229_/S                                1.50   14.15  -12.65 (VIOLATED)
_3230_/S                                1.50   14.15  -12.65 (VIOLATED)
_3231_/S                                1.50   14.15  -12.65 (VIOLATED)
_3232_/S                                1.50   14.15  -12.65 (VIOLATED)
_3233_/S                                1.50   14.15  -12.65 (VIOLATED)
_3234_/S                                1.50   14.15  -12.65 (VIOLATED)
_3235_/S                                1.50   14.15  -12.65 (VIOLATED)
_3236_/S                                1.50   14.15  -12.65 (VIOLATED)
_3237_/S                                1.50   14.15  -12.65 (VIOLATED)
_3238_/S                                1.50   14.15  -12.65 (VIOLATED)
_3239_/S                                1.50   14.15  -12.65 (VIOLATED)
_3240_/S                                1.50   14.15  -12.65 (VIOLATED)
_3241_/S                                1.50   14.15  -12.65 (VIOLATED)
_3242_/S                                1.50   14.15  -12.65 (VIOLATED)
_3243_/S                                1.50   14.15  -12.65 (VIOLATED)
_3244_/S                                1.50   14.15  -12.65 (VIOLATED)
_3245_/S                                1.50   14.15  -12.65 (VIOLATED)
_3246_/S                                1.50   14.15  -12.65 (VIOLATED)
_3247_/S                                1.50   14.15  -12.65 (VIOLATED)
_3248_/S                                1.50   14.15  -12.65 (VIOLATED)
_3249_/S                                1.50   14.15  -12.65 (VIOLATED)
_3250_/S                                1.50   14.15  -12.65 (VIOLATED)
_3251_/S                                1.50   14.15  -12.65 (VIOLATED)
_3252_/S                                1.50   14.15  -12.65 (VIOLATED)
_3253_/S                                1.50   14.15  -12.65 (VIOLATED)
_3254_/S                                1.50   14.15  -12.65 (VIOLATED)
_3255_/S                                1.50   14.15  -12.65 (VIOLATED)
_3256_/S                                1.50   14.15  -12.65 (VIOLATED)
_3257_/S                                1.50   14.15  -12.65 (VIOLATED)
_3258_/S                                1.50   14.15  -12.65 (VIOLATED)
_3259_/S                                1.50   14.15  -12.65 (VIOLATED)
_3260_/S                                1.50   14.15  -12.65 (VIOLATED)
_3261_/S                                1.50   14.15  -12.65 (VIOLATED)
_3262_/S                                1.50   14.15  -12.65 (VIOLATED)
_3263_/S                                1.50   14.15  -12.65 (VIOLATED)
_3264_/S                                1.50   14.15  -12.65 (VIOLATED)
_3265_/S                                1.50   14.15  -12.65 (VIOLATED)
_3266_/S                                1.50   14.15  -12.65 (VIOLATED)
_3267_/S                                1.50   14.15  -12.65 (VIOLATED)
_3268_/S                                1.50   14.15  -12.65 (VIOLATED)
_3269_/S                                1.50   14.15  -12.65 (VIOLATED)
_3270_/S                                1.50   14.15  -12.65 (VIOLATED)
_3271_/S                                1.50   14.15  -12.65 (VIOLATED)
_3272_/S                                1.50   14.15  -12.65 (VIOLATED)
_3273_/S                                1.50   14.15  -12.65 (VIOLATED)
_3274_/S                                1.50   14.15  -12.65 (VIOLATED)
_3275_/S                                1.50   14.15  -12.65 (VIOLATED)
_3276_/S                                1.50   14.15  -12.65 (VIOLATED)
_3277_/S                                1.50   14.15  -12.65 (VIOLATED)
_3278_/S                                1.50   14.15  -12.65 (VIOLATED)
_3279_/S                                1.50   14.15  -12.65 (VIOLATED)
_3280_/S                                1.50   14.15  -12.65 (VIOLATED)
_3281_/S                                1.50   14.15  -12.65 (VIOLATED)
_3282_/S                                1.50   14.15  -12.65 (VIOLATED)
_3283_/S                                1.50   14.15  -12.65 (VIOLATED)
_3284_/S                                1.50   14.15  -12.65 (VIOLATED)
_3285_/S                                1.50   14.15  -12.65 (VIOLATED)
_3286_/S                                1.50   14.15  -12.65 (VIOLATED)
_3287_/S                                1.50   14.15  -12.65 (VIOLATED)
_3288_/S                                1.50   14.15  -12.65 (VIOLATED)
_3289_/S                                1.50   14.15  -12.65 (VIOLATED)
_3290_/S                                1.50   14.15  -12.65 (VIOLATED)
_3291_/S                                1.50   14.15  -12.65 (VIOLATED)
_3292_/S                                1.50   14.15  -12.65 (VIOLATED)
_3293_/S                                1.50   14.15  -12.65 (VIOLATED)
_3294_/S                                1.50   14.15  -12.65 (VIOLATED)
_3295_/S                                1.50   14.15  -12.65 (VIOLATED)
_3296_/S                                1.50   14.15  -12.65 (VIOLATED)
_3297_/S                                1.50   14.15  -12.65 (VIOLATED)
_3298_/S                                1.50   14.15  -12.65 (VIOLATED)
_3299_/S                                1.50   14.15  -12.65 (VIOLATED)
_3300_/S                                1.50   14.15  -12.65 (VIOLATED)
_3301_/S                                1.50   14.15  -12.65 (VIOLATED)
_3302_/S                                1.50   14.15  -12.65 (VIOLATED)
_3303_/S                                1.50   14.15  -12.65 (VIOLATED)
_3304_/S                                1.50   14.15  -12.65 (VIOLATED)
_3305_/S                                1.50   14.15  -12.65 (VIOLATED)
_3306_/S                                1.50   14.15  -12.65 (VIOLATED)
_3307_/S                                1.50   14.15  -12.65 (VIOLATED)
_3308_/S                                1.50   14.15  -12.65 (VIOLATED)
_3309_/S                                1.50   14.15  -12.65 (VIOLATED)
_3310_/S                                1.50   14.15  -12.65 (VIOLATED)
_3311_/S                                1.50   14.15  -12.65 (VIOLATED)
_3312_/S                                1.50   14.15  -12.65 (VIOLATED)
_3313_/S                                1.50   14.15  -12.65 (VIOLATED)
_3314_/S                                1.50   14.15  -12.65 (VIOLATED)
_3315_/S                                1.50   14.15  -12.65 (VIOLATED)
_3316_/S                                1.50   14.15  -12.65 (VIOLATED)
_3317_/S                                1.50   14.15  -12.65 (VIOLATED)
_3318_/S                                1.50   14.15  -12.65 (VIOLATED)
_3319_/S                                1.50   14.15  -12.65 (VIOLATED)
_3320_/S                                1.50   14.15  -12.65 (VIOLATED)
_3321_/S                                1.50   14.15  -12.65 (VIOLATED)
_3322_/S                                1.50   14.15  -12.65 (VIOLATED)
_3323_/S                                1.50   14.15  -12.65 (VIOLATED)
_3324_/S                                1.50   14.15  -12.65 (VIOLATED)
_3325_/S                                1.50   14.15  -12.65 (VIOLATED)
_3326_/S                                1.50   14.15  -12.65 (VIOLATED)
_3327_/S                                1.50   14.15  -12.65 (VIOLATED)
_3328_/S                                1.50   14.15  -12.65 (VIOLATED)
_3329_/S                                1.50   14.15  -12.65 (VIOLATED)
_3330_/S                                1.50   14.15  -12.65 (VIOLATED)
_3331_/S                                1.50   14.15  -12.65 (VIOLATED)
_3332_/S                                1.50   14.15  -12.65 (VIOLATED)
_3333_/S                                1.50   14.15  -12.65 (VIOLATED)
_3334_/S                                1.50   14.15  -12.65 (VIOLATED)
_3335_/S                                1.50   14.15  -12.65 (VIOLATED)
_3336_/S                                1.50   14.15  -12.65 (VIOLATED)
_3337_/S                                1.50   14.15  -12.65 (VIOLATED)
_3338_/S                                1.50   14.15  -12.65 (VIOLATED)
_3339_/S                                1.50   14.15  -12.65 (VIOLATED)
_3340_/S                                1.50   14.15  -12.65 (VIOLATED)
_3341_/S                                1.50   14.15  -12.65 (VIOLATED)
_3342_/S                                1.50   14.15  -12.65 (VIOLATED)
_3343_/S                                1.50   14.15  -12.65 (VIOLATED)
_3344_/S                                1.50   14.15  -12.65 (VIOLATED)
_3345_/S                                1.50   14.15  -12.65 (VIOLATED)
_3346_/S                                1.50   14.15  -12.65 (VIOLATED)
_3347_/S                                1.50   14.15  -12.65 (VIOLATED)
_3348_/S                                1.50   14.15  -12.65 (VIOLATED)
_3349_/S                                1.50   14.15  -12.65 (VIOLATED)
_3350_/S                                1.50   14.15  -12.65 (VIOLATED)
_3351_/S                                1.50   14.15  -12.65 (VIOLATED)
_3352_/S                                1.50   14.15  -12.65 (VIOLATED)
_3353_/S                                1.50   14.15  -12.65 (VIOLATED)
_3354_/S                                1.50   14.15  -12.65 (VIOLATED)
_3355_/S                                1.50   14.15  -12.65 (VIOLATED)
_3356_/S                                1.50   14.15  -12.65 (VIOLATED)
_3357_/S                                1.50   14.15  -12.65 (VIOLATED)
_3358_/S                                1.50   14.15  -12.65 (VIOLATED)
_3359_/S                                1.50   14.15  -12.65 (VIOLATED)
_3360_/S                                1.50   14.15  -12.65 (VIOLATED)
_3361_/S                                1.50   14.15  -12.65 (VIOLATED)
_3362_/S                                1.50   14.15  -12.65 (VIOLATED)
_3363_/S                                1.50   14.15  -12.65 (VIOLATED)
_3364_/S                                1.50   14.15  -12.65 (VIOLATED)
_3365_/S                                1.50   14.15  -12.65 (VIOLATED)
_3366_/S                                1.50   14.15  -12.65 (VIOLATED)
_3367_/S                                1.50   14.15  -12.65 (VIOLATED)
_3368_/S                                1.50   14.15  -12.65 (VIOLATED)
_3369_/S                                1.50   14.15  -12.65 (VIOLATED)
_3370_/S                                1.50   14.15  -12.65 (VIOLATED)
_3371_/S                                1.50   14.15  -12.65 (VIOLATED)
_3372_/S                                1.50   14.15  -12.65 (VIOLATED)
_3373_/S                                1.50   14.15  -12.65 (VIOLATED)
_3374_/S                                1.50   14.15  -12.65 (VIOLATED)
_3375_/S                                1.50   14.15  -12.65 (VIOLATED)
_3376_/S                                1.50   14.15  -12.65 (VIOLATED)
_3377_/S                                1.50   14.15  -12.65 (VIOLATED)
_3378_/S                                1.50   14.15  -12.65 (VIOLATED)
_3379_/S                                1.50   14.15  -12.65 (VIOLATED)
_3380_/S                                1.50   14.15  -12.65 (VIOLATED)
_3381_/S                                1.50   14.15  -12.65 (VIOLATED)
_3382_/S                                1.50   14.15  -12.65 (VIOLATED)
_3383_/S                                1.50   14.15  -12.65 (VIOLATED)

max capacitance

Pin                                    Limit     Cap   Slack
------------------------------------------------------------
_2577_/Y                                0.20    0.86   -0.66 (VIOLATED)

